#
# A fatal error has been detected by the Java Runtime Environment:
#
#  SIGSEGV (0xb) at pc=0x000000011b1d2381, pid=1861, tid=2571
#
# JRE version: Java(TM) SE Runtime Environment (8.0_20-b26) (build 1.8.0_20-b26)
# Java VM: Java HotSpot(TM) 64-Bit Server VM (25.20-b23 mixed mode bsd-amd64 compressed oops)
# Problematic frame:
# C  [libglass.dylib+0x16381]  GlassScreenDidChangeScreenParameters+0x21
#
# Failed to write core dump. Core dumps have been disabled. To enable core dumping, try "ulimit -c unlimited" before starting Java again
#
# If you would like to submit a bug report, please visit:
#   http://bugreport.sun.com/bugreport/crash.jsp
#

---------------  T H R E A D  ---------------

Current thread is native thread

siginfo: si_signo: 11 (SIGSEGV), si_code: 1 (SEGV_MAPERR), si_addr: 0x0000000000000000

Registers:
RAX=0x000000011b204d48, RBX=0x0000000000000000, RCX=0x0000000000000103, RDX=0x0000010000000100
RSP=0x00007fff5f97d2c0, RBP=0x00007fff5f97d2d0, RSI=0x00007ffccc814d40, RDI=0x0000000000000000
R8 =0x0000000000000040, R9 =0x00007fff752591e0, R10=0xffffffffffffffff, R11=0x0000000000000246
R12=0x00007ffccac71f70, R13=0x00007ffccac49e00, R14=0x00007ffccac49ec0, R15=0x0000000000000000
RIP=0x000000011b1d2381, EFLAGS=0x0000000000010246, ERR=0x0000000000000004
  TRAPNO=0x000000000000000e

Top of Stack: (sp=0x00007fff5f97d2c0)
0x00007fff5f97d2c0:   00007fff5f97d318 00007ffccac49ec0
0x00007fff5f97d2d0:   00007fff5f97d2e0 00007fff8dacea0c
0x00007fff5f97d2e0:   00007fff5f97d300 00007fff8dace99f
0x00007fff5f97d2f0:   0000000000000000 0000000000000000
0x00007fff5f97d300:   00007fff5f97d370 00007fff8dace917
0x00007fff5f97d310:   00007fff8de8e633 00007fff740430a0
0x00007fff5f97d320:   0000000042000000 00007fff8dace960
0x00007fff5f97d330:   00007fff743496f0 00007ffccac49e00
0x00007fff5f97d340:   00007ffccac71f70 00007fff5f97db18
0x00007fff5f97d350:   00007fff74474bd0 00007fff5f97db18
0x00007fff5f97d360:   00007ffccac49e00 00007fff8de8d955
0x00007fff5f97d370:   00007fff5f97d3b0 00007fff8dace682
0x00007fff5f97d380:   00007fff5f97d990 0000000000000000
0x00007fff5f97d390:   00007fff74474bd0 00007fff5f97db18
0x00007fff5f97d3a0:   00007fff94204d40 00007fff8de8d955
0x00007fff5f97d3b0:   00007fff5f97dac0 00007fff8da8b442
0x00007fff5f97d3c0:   00007ffcccb0f800 0000000000000003
0x00007fff5f97d3d0:   0000000000000000 00007ffccac02350
0x00007fff5f97d3e0:   00007ffccc000048 00007ffccae3fbc0
0x00007fff5f97d3f0:   0000000000000000 00007ffccac49f20
0x00007fff5f97d400:   0000000000000000 0000000000000000
0x00007fff5f97d410:   00007fff743865b0 00007fff5f97d990
0x00007fff5f97d420:   0000000000000001 0000000000000100
0x00007fff5f97d430:   0000000100299000 00007fff5f97d890
0x00007fff5f97d440:   0000000000000000 0000000000000100
0x00007fff5f97d450:   0000000000000400 00007fff74474bd0
0x00007fff5f97d460:   0000000000000000 00007fff7434a490
0x00007fff5f97d470:   00007fff74474bd0 0000000000000000
0x00007fff5f97d480:   00007fff7434a490 0000000000000410
0x00007fff5f97d490:   00007fff5f97d4b0 00007fff9078d1b3
0x00007fff5f97d4a0:   00000000001b4c01 00007fff754102c0
0x00007fff5f97d4b0:   00000000001b4c00 0000000094206f3b 

Instructions: (pc=0x000000011b1d2381)
0x000000011b1d2361:   48 89 e5 41 56 53 48 8d 05 d2 2a 03 00 48 83 38
0x000000011b1d2371:   00 48 89 fb 75 72 48 8d 05 ca 29 03 00 48 8b 30
0x000000011b1d2381:   48 8b 03 48 8d 15 7c 99 01 00 48 8d 0d 5e 6f 01
0x000000011b1d2391:   00 48 89 df ff 90 88 03 00 00 48 8d 0d 9e 2a 03 

Register to memory mapping:

RAX=0x000000011b204d48: jScreenClass+0 in /Library/Java/JavaVirtualMachines/jdk1.8.0_20.jdk/Contents/Home/jre/lib/libglass.dylib at 0x000000011b1bc000
RBX=0x0000000000000000 is an unknown value
RCX=0x0000000000000103 is an unknown value
RDX=0x0000010000000100 is an unknown value
RSP=0x00007fff5f97d2c0 is an unknown value
RBP=0x00007fff5f97d2d0 is an unknown value
RSI=0x00007ffccc814d40 is a global jni handle
RDI=0x0000000000000000 is an unknown value
R8 =0x0000000000000040 is an unknown value
R9 =0x00007fff752591e0: __sFX+0x1c0 in /usr/lib/system/libsystem_c.dylib at 0x00007fff937fb000
R10=0xffffffffffffffff is an unknown value
R11=0x0000000000000246 is an unknown value
R12=0x00007ffccac71f70 is an unknown value
R13=0x00007ffccac49e00 is an unknown value
R14=0x00007ffccac49ec0 is an unknown value
R15=0x0000000000000000 is an unknown value


Stack: [0x00007fff5f181000,0x00007fff5f981000],  sp=0x00007fff5f97d2c0,  free space=8176k
Native frames: (J=compiled Java code, j=interpreted, Vv=VM code, C=native code)
C  [libglass.dylib+0x16381]  GlassScreenDidChangeScreenParameters+0x21
C  [CoreFoundation+0xa0a0c]  __CFNOTIFICATIONCENTER_IS_CALLING_OUT_TO_AN_OBSERVER__+0xc
C  [CoreFoundation+0xa099f]  ___CFXRegistrationPost_block_invoke+0x3f
C  [CoreFoundation+0xa0917]  _CFXRegistrationPost+0x197
C  [CoreFoundation+0xa0682]  ___CFXNotificationPost_block_invoke+0x32
C  [CoreFoundation+0x5d442]  -[_CFXNotificationRegistrar find:object:observer:enumerator:]+0x782
C  [CoreFoundation+0x5c695]  _CFXNotificationPost+0x2b5
C  [Foundation+0x731a]  -[NSNotificationCenter postNotificationName:object:userInfo:]+0x42
C  [AppKit+0x41ceda]  -[NSApplication _reactToScreenInvalidationImmediately:]+0x17f
C  [AppKit+0x41cd2b]  __44-[NSApplication _reactToScreenInvalidation:]_block_invoke+0x3b
C  [CoreFoundation+0xaa24c]  __CFRUNLOOP_IS_CALLING_OUT_TO_A_BLOCK__+0xc
C  [CoreFoundation+0x89b65]  __CFRunLoopDoBlocks+0x155
C  [CoreFoundation+0x898cb]  __CFRunLoopRun+0x92b
C  [CoreFoundation+0x88d38]  CFRunLoopRunSpecific+0x128
C  [java+0x56cc]  CreateExecutionEnvironment+0x367
C  [java+0x165c]  JLI_Launch+0x7a0
C  [java+0x768a]  main+0x65
C  [java+0xeb4]  start+0x34


---------------  P R O C E S S  ---------------

VM state:at safepoint (normal execution)

VM Mutex/Monitor currently owned by a thread:  ([mutex/lock_event])
[0x00007ffccc8042a0] Threads_lock - owner thread: 0x00007ffccd81f000
[0x00007ffccc8047a0] Heap_lock - owner thread: 0x00007ffccd0ae800

Heap:
 PSYoungGen      total 38400K, used 23249K [0x0000000795580000, 0x0000000798000000, 0x00000007c0000000)
  eden space 33280K, 69% used [0x0000000795580000,0x0000000796c345a0,0x0000000797600000)
  from space 5120K, 0% used [0x0000000797b00000,0x0000000797b00000,0x0000000798000000)
  to   space 5120K, 0% used [0x0000000797600000,0x0000000797600000,0x0000000797b00000)
 ParOldGen       total 87552K, used 0K [0x0000000740000000, 0x0000000745580000, 0x0000000795580000)
  object space 87552K, 0% used [0x0000000740000000,0x0000000740000000,0x0000000745580000)
 Metaspace       used 10335K, capacity 10644K, committed 10880K, reserved 1058816K
  class space    used 1314K, capacity 1377K, committed 1408K, reserved 1048576K

Card table byte_map: [0x00000001118db000,0x0000000111cdc000] byte_map_base: 0x000000010dedb000

Marking Bits: (ParMarkBitMap*) 0x0000000101e9c330
 Begin Bits: [0x0000000111f87000, 0x0000000113f87000)
 End Bits:   [0x0000000113f87000, 0x0000000115f87000)

Polling page: 0x0000000100540000

CodeCache: size=245760Kb used=2870Kb max_used=2870Kb free=242889Kb
 bounds [0x000000010251b000, 0x00000001027eb000, 0x000000011151b000]
 total_blobs=1168 nmethods=731 adapters=352
 compilation: enabled

Compilation events (10 events):
Event: 0.698 Thread 0x00007ffccb015000  726       3       java.lang.invoke.MethodTypeForm::canonicalize (64 bytes)
Event: 0.698 Thread 0x00007ffccb015000 nmethod 726 0x00000001027e7b90 code [0x00000001027e7d20, 0x00000001027e8168]
Event: 0.698 Thread 0x00007ffccb015000  728       1       java.nio.Buffer::limit (5 bytes)
Event: 0.698 Thread 0x00007ffccb015000 nmethod 728 0x00000001027e8290 code [0x00000001027e83e0, 0x00000001027e84f0]
Event: 0.699 Thread 0x00007ffccb015000  729       3       java.nio.ByteBuffer::arrayOffset (35 bytes)
Event: 0.699 Thread 0x00007ffccb015000 nmethod 729 0x00000001027e8550 code [0x00000001027e86e0, 0x00000001027e89d8]
Event: 0.699 Thread 0x00007ffccb015000  730       3       java.nio.Buffer::position (43 bytes)
Event: 0.699 Thread 0x00007ffccb015000 nmethod 730 0x00000001027e8b10 code [0x00000001027e8c80, 0x00000001027e8f28]
Event: 0.699 Thread 0x00007ffccb015000  731       3       java.nio.CharBuffer::arrayOffset (35 bytes)
Event: 0.699 Thread 0x00007ffccb015000 nmethod 731 0x00000001027e8fd0 code [0x00000001027e9160, 0x00000001027e9458]

GC Heap History (0 events):
No events

Deoptimization events (2 events):
Event: 0.594 Thread 0x00007ffccb9ee000 Uncommon trap: reason=unreached action=reinterpret pc=0x00000001027a2954 method=java.util.HashMap.getNode(ILjava/lang/Object;)Ljava/util/HashMap$Node; @ 84
Event: 0.594 Thread 0x00007ffccb9ee000 Uncommon trap: reason=unreached action=reinterpret pc=0x0000000102798294 method=java.util.HashMap.getNode(ILjava/lang/Object;)Ljava/util/HashMap$Node; @ 84

Internal exceptions (10 events):
Event: 0.570 Thread 0x00007ffccb9ee000 Exception <a 'java/security/PrivilegedActionException'> (0x000000079673b4c0) thrown at [/HUDSON3/workspace/8-2-build-macosx-x86_64/jdk8u20/1074/hotspot/src/share/vm/prims/jvm.cpp, line 1275]
Event: 0.571 Thread 0x00007ffccb9ee000 Exception <a 'java/security/PrivilegedActionException'> (0x0000000796758960) thrown at [/HUDSON3/workspace/8-2-build-macosx-x86_64/jdk8u20/1074/hotspot/src/share/vm/prims/jvm.cpp, line 1275]
Event: 0.571 Thread 0x00007ffccb9ee000 Exception <a 'java/security/PrivilegedActionException'> (0x0000000796777778) thrown at [/HUDSON3/workspace/8-2-build-macosx-x86_64/jdk8u20/1074/hotspot/src/share/vm/prims/jvm.cpp, line 1275]
Event: 0.571 Thread 0x00007ffccb9ee000 Exception <a 'java/security/PrivilegedActionException'> (0x0000000796777e48) thrown at [/HUDSON3/workspace/8-2-build-macosx-x86_64/jdk8u20/1074/hotspot/src/share/vm/prims/jvm.cpp, line 1275]
Event: 0.571 Thread 0x00007ffccb9ee000 Exception <a 'java/security/PrivilegedActionException'> (0x0000000796779a28) thrown at [/HUDSON3/workspace/8-2-build-macosx-x86_64/jdk8u20/1074/hotspot/src/share/vm/prims/jvm.cpp, line 1275]
Event: 0.610 Thread 0x00007ffccb9ee000 Exception <a 'java/security/PrivilegedActionException'> (0x0000000796a14158) thrown at [/HUDSON3/workspace/8-2-build-macosx-x86_64/jdk8u20/1074/hotspot/src/share/vm/prims/jvm.cpp, line 1275]
Event: 0.611 Thread 0x00007ffccb9ee000 Exception <a 'java/security/PrivilegedActionException'> (0x0000000796a323b8) thrown at [/HUDSON3/workspace/8-2-build-macosx-x86_64/jdk8u20/1074/hotspot/src/share/vm/prims/jvm.cpp, line 1275]
Event: 0.626 Thread 0x00007ffccb9ee000 Exception <a 'java/lang/ArrayIndexOutOfBoundsException'> (0x0000000796a8ecb0) thrown at [/HUDSON3/workspace/8-2-build-macosx-x86_64/jdk8u20/1074/hotspot/src/share/vm/runtime/sharedRuntime.cpp, line 604]
Event: 0.645 Thread 0x00007ffccb9ee000 Exception <a 'java/lang/NullPointerException'> (0x0000000796b20ce8) thrown at [/HUDSON3/workspace/8-2-build-macosx-x86_64/jdk8u20/1074/hotspot/src/share/vm/interpreter/linkResolver.cpp, line 1166]
Event: 0.698 Thread 0x00007ffccd806800 Exception <a 'java/lang/reflect/InvocationTargetException'> (0x0000000795980e90) thrown at [/HUDSON3/workspace/8-2-build-macosx-x86_64/jdk8u20/1074/hotspot/src/share/vm/runtime/reflection.cpp, line 1079]

Events (10 events):
Event: 0.698 loading class java/lang/Throwable$WrappedPrintStream done
Event: 0.698 loading class java/util/IdentityHashMap$KeySet
Event: 0.698 loading class java/util/IdentityHashMap$KeySet done
Event: 0.699 Thread 0x00007ffccd806800 Thread exited: 0x00007ffccd806800
Event: 0.699 Thread 0x00007ffccd0ae800 Thread added: 0x00007ffccd0ae800
Event: 0.699 loading class java/util/IdentityHashMap$KeyIterator
Event: 0.699 loading class java/util/IdentityHashMap$IdentityHashMapIterator
Event: 0.699 loading class java/util/IdentityHashMap$IdentityHashMapIterator done
Event: 0.699 loading class java/util/IdentityHashMap$KeyIterator done
Event: 0.699 Thread 0x00007ffccd0ae800 Thread exited: 0x00007ffccd0ae800


Dynamic libraries:
0x0000000002994000 	/System/Library/Frameworks/Cocoa.framework/Versions/A/Cocoa
0x0000000002994000 	/System/Library/Frameworks/Security.framework/Versions/A/Security
0x0000000002994000 	/System/Library/Frameworks/ApplicationServices.framework/Versions/A/ApplicationServices
0x0000000002994000 	/usr/lib/libz.1.dylib
0x0000000002994000 	/usr/lib/libSystem.B.dylib
0x0000000002994000 	/usr/lib/libobjc.A.dylib
0x0000000002994000 	/System/Library/Frameworks/CoreFoundation.framework/Versions/A/CoreFoundation
0x0000000002994000 	/System/Library/Frameworks/Foundation.framework/Versions/C/Foundation
0x0000000002994000 	/System/Library/Frameworks/AppKit.framework/Versions/C/AppKit
0x0000000002994000 	/System/Library/Frameworks/CoreData.framework/Versions/A/CoreData
0x0000000002994000 	/System/Library/PrivateFrameworks/RemoteViewServices.framework/Versions/A/RemoteViewServices
0x0000000002994000 	/System/Library/PrivateFrameworks/UIFoundation.framework/Versions/A/UIFoundation
0x0000000002994000 	/usr/lib/libScreenReader.dylib
0x0000000002994000 	/System/Library/Frameworks/Accelerate.framework/Versions/A/Accelerate
0x0000000002994000 	/System/Library/Frameworks/IOSurface.framework/Versions/A/IOSurface
0x0000000002994000 	/System/Library/Frameworks/AudioToolbox.framework/Versions/A/AudioToolbox
0x0000000002994000 	/System/Library/Frameworks/AudioUnit.framework/Versions/A/AudioUnit
0x0000000002994000 	/System/Library/PrivateFrameworks/DataDetectorsCore.framework/Versions/A/DataDetectorsCore
0x0000000002994000 	/System/Library/PrivateFrameworks/DesktopServicesPriv.framework/Versions/A/DesktopServicesPriv
0x0000000002994000 	/System/Library/Frameworks/Carbon.framework/Versions/A/Frameworks/HIToolbox.framework/Versions/A/HIToolbox
0x0000000002994000 	/System/Library/Frameworks/QuartzCore.framework/Versions/A/QuartzCore
0x0000000002994000 	/System/Library/Frameworks/Carbon.framework/Versions/A/Frameworks/SpeechRecognition.framework/Versions/A/SpeechRecognition
0x0000000002994000 	/usr/lib/libauto.dylib
0x0000000002994000 	/usr/lib/libicucore.A.dylib
0x0000000002994000 	/usr/lib/libxml2.2.dylib
0x0000000002994000 	/System/Library/PrivateFrameworks/CoreUI.framework/Versions/A/CoreUI
0x0000000002994000 	/System/Library/Frameworks/CoreAudio.framework/Versions/A/CoreAudio
0x0000000002994000 	/System/Library/Frameworks/DiskArbitration.framework/Versions/A/DiskArbitration
0x0000000002994000 	/usr/lib/liblangid.dylib
0x0000000002994000 	/System/Library/PrivateFrameworks/MultitouchSupport.framework/Versions/A/MultitouchSupport
0x0000000002994000 	/System/Library/Frameworks/IOKit.framework/Versions/A/IOKit
0x0000000002994000 	/usr/lib/libDiagnosticMessagesClient.dylib
0x0000000002994000 	/System/Library/Frameworks/CoreServices.framework/Versions/A/CoreServices
0x0000000002994000 	/System/Library/PrivateFrameworks/PerformanceAnalysis.framework/Versions/A/PerformanceAnalysis
0x0000000002994000 	/System/Library/PrivateFrameworks/GenerationalStorage.framework/Versions/A/GenerationalStorage
0x0000000002994000 	/System/Library/Frameworks/OpenGL.framework/Versions/A/OpenGL
0x0000000002994000 	/System/Library/PrivateFrameworks/Sharing.framework/Versions/A/Sharing
0x0000000002994000 	/System/Library/Frameworks/CoreGraphics.framework/Versions/A/CoreGraphics
0x0000000002994000 	/System/Library/Frameworks/CoreImage.framework/Versions/A/CoreImage
0x0000000002994000 	/System/Library/Frameworks/CoreText.framework/Versions/A/CoreText
0x0000000002994000 	/System/Library/Frameworks/ImageIO.framework/Versions/A/ImageIO
0x0000000002994000 	/System/Library/PrivateFrameworks/Backup.framework/Versions/A/Backup
0x0000000002994000 	/usr/lib/libextension.dylib
0x0000000002994000 	/usr/lib/libarchive.2.dylib
0x0000000002994000 	/System/Library/Frameworks/CFNetwork.framework/Versions/A/CFNetwork
0x0000000002994000 	/System/Library/Frameworks/SystemConfiguration.framework/Versions/A/SystemConfiguration
0x0000000002994000 	/usr/lib/libCRFSuite.dylib
0x0000000002994000 	/usr/lib/libc++.1.dylib
0x0000000002994000 	/usr/lib/libc++abi.dylib
0x0000000002994000 	/usr/lib/system/libcache.dylib
0x0000000002994000 	/usr/lib/system/libcommonCrypto.dylib
0x0000000002994000 	/usr/lib/system/libcompiler_rt.dylib
0x0000000002994000 	/usr/lib/system/libcopyfile.dylib
0x0000000002994000 	/usr/lib/system/libcorecrypto.dylib
0x0000000002994000 	/usr/lib/system/libdispatch.dylib
0x0000000002994000 	/usr/lib/system/libdyld.dylib
0x0000000002994000 	/usr/lib/system/libkeymgr.dylib
0x0000000002994000 	/usr/lib/system/liblaunch.dylib
0x0000000002994000 	/usr/lib/system/libmacho.dylib
0x0000000002994000 	/usr/lib/system/libquarantine.dylib
0x0000000002994000 	/usr/lib/system/libremovefile.dylib
0x0000000002994000 	/usr/lib/system/libsystem_asl.dylib
0x0000000002994000 	/usr/lib/system/libsystem_blocks.dylib
0x0000000002994000 	/usr/lib/system/libsystem_c.dylib
0x0000000002994000 	/usr/lib/system/libsystem_configuration.dylib
0x0000000002994000 	/usr/lib/system/libsystem_coreservices.dylib
0x0000000002994000 	/usr/lib/system/libsystem_coretls.dylib
0x0000000002994000 	/usr/lib/system/libsystem_dnssd.dylib
0x0000000002994000 	/usr/lib/system/libsystem_info.dylib
0x0000000002994000 	/usr/lib/system/libsystem_kernel.dylib
0x0000000002994000 	/usr/lib/system/libsystem_m.dylib
0x0000000002994000 	/usr/lib/system/libsystem_malloc.dylib
0x0000000002994000 	/usr/lib/system/libsystem_network.dylib
0x0000000002994000 	/usr/lib/system/libsystem_networkextension.dylib
0x0000000002994000 	/usr/lib/system/libsystem_notify.dylib
0x0000000002994000 	/usr/lib/system/libsystem_platform.dylib
0x0000000002994000 	/usr/lib/system/libsystem_pthread.dylib
0x0000000002994000 	/usr/lib/system/libsystem_sandbox.dylib
0x0000000002994000 	/usr/lib/system/libsystem_secinit.dylib
0x0000000002994000 	/usr/lib/system/libsystem_trace.dylib
0x0000000002994000 	/usr/lib/system/libunc.dylib
0x0000000002994000 	/usr/lib/system/libunwind.dylib
0x0000000002994000 	/usr/lib/system/libxpc.dylib
0x0000000002994000 	/usr/lib/libenergytrace.dylib
0x0000000002994000 	/usr/lib/libbsm.0.dylib
0x0000000002994000 	/usr/lib/system/libkxld.dylib
0x0000000002994000 	/usr/lib/libxar.1.dylib
0x0000000002994000 	/usr/lib/libsqlite3.dylib
0x0000000002994000 	/usr/lib/libpam.2.dylib
0x0000000002994000 	/usr/lib/libOpenScriptingUtil.dylib
0x0000000002994000 	/usr/lib/libbz2.1.0.dylib
0x0000000002994000 	/usr/lib/liblzma.5.dylib
0x0000000002994000 	/System/Library/Frameworks/CoreServices.framework/Versions/A/Frameworks/FSEvents.framework/Versions/A/FSEvents
0x0000000002994000 	/System/Library/Frameworks/CoreServices.framework/Versions/A/Frameworks/CarbonCore.framework/Versions/A/CarbonCore
0x0000000002994000 	/System/Library/Frameworks/CoreServices.framework/Versions/A/Frameworks/Metadata.framework/Versions/A/Metadata
0x0000000002994000 	/System/Library/Frameworks/CoreServices.framework/Versions/A/Frameworks/OSServices.framework/Versions/A/OSServices
0x0000000002994000 	/System/Library/Frameworks/CoreServices.framework/Versions/A/Frameworks/SearchKit.framework/Versions/A/SearchKit
0x0000000002994000 	/System/Library/Frameworks/CoreServices.framework/Versions/A/Frameworks/AE.framework/Versions/A/AE
0x0000000002994000 	/System/Library/Frameworks/CoreServices.framework/Versions/A/Frameworks/LaunchServices.framework/Versions/A/LaunchServices
0x0000000002994000 	/System/Library/Frameworks/CoreServices.framework/Versions/A/Frameworks/DictionaryServices.framework/Versions/A/DictionaryServices
0x0000000002994000 	/System/Library/Frameworks/CoreServices.framework/Versions/A/Frameworks/SharedFileList.framework/Versions/A/SharedFileList
0x0000000002994000 	/System/Library/Frameworks/NetFS.framework/Versions/A/NetFS
0x0000000002994000 	/System/Library/PrivateFrameworks/NetAuth.framework/Versions/A/NetAuth
0x0000000002994000 	/System/Library/PrivateFrameworks/login.framework/Versions/A/Frameworks/loginsupport.framework/Versions/A/loginsupport
0x0000000002994000 	/System/Library/PrivateFrameworks/TCC.framework/Versions/A/TCC
0x0000000002994000 	/usr/lib/libmecabra.dylib
0x0000000002994000 	/System/Library/Frameworks/ApplicationServices.framework/Versions/A/Frameworks/ATS.framework/Versions/A/ATS
0x0000000002994000 	/System/Library/Frameworks/ApplicationServices.framework/Versions/A/Frameworks/ColorSync.framework/Versions/A/ColorSync
0x0000000002994000 	/System/Library/Frameworks/ApplicationServices.framework/Versions/A/Frameworks/HIServices.framework/Versions/A/HIServices
0x0000000002994000 	/System/Library/Frameworks/ApplicationServices.framework/Versions/A/Frameworks/LangAnalysis.framework/Versions/A/LangAnalysis
0x0000000002994000 	/System/Library/Frameworks/ApplicationServices.framework/Versions/A/Frameworks/PrintCore.framework/Versions/A/PrintCore
0x0000000002994000 	/System/Library/Frameworks/ApplicationServices.framework/Versions/A/Frameworks/QD.framework/Versions/A/QD
0x0000000002994000 	/System/Library/Frameworks/ApplicationServices.framework/Versions/A/Frameworks/SpeechSynthesis.framework/Versions/A/SpeechSynthesis
0x0000000002994000 	/System/Library/Frameworks/Metal.framework/Versions/A/Metal
0x0000000002994000 	/System/Library/Frameworks/Accelerate.framework/Versions/A/Frameworks/vImage.framework/Versions/A/vImage
0x0000000002994000 	/System/Library/Frameworks/Accelerate.framework/Versions/A/Frameworks/vecLib.framework/Versions/A/vecLib
0x0000000002994000 	/System/Library/Frameworks/Accelerate.framework/Versions/A/Frameworks/vecLib.framework/Versions/A/libvDSP.dylib
0x0000000002994000 	/System/Library/Frameworks/Accelerate.framework/Versions/A/Frameworks/vecLib.framework/Versions/A/libvMisc.dylib
0x0000000002994000 	/System/Library/Frameworks/Accelerate.framework/Versions/A/Frameworks/vecLib.framework/Versions/A/libLAPACK.dylib
0x0000000002994000 	/System/Library/Frameworks/Accelerate.framework/Versions/A/Frameworks/vecLib.framework/Versions/A/libBLAS.dylib
0x0000000002994000 	/System/Library/Frameworks/Accelerate.framework/Versions/A/Frameworks/vecLib.framework/Versions/A/libLinearAlgebra.dylib
0x0000000002994000 	/System/Library/Frameworks/Accelerate.framework/Versions/A/Frameworks/vecLib.framework/Versions/A/libSparseBLAS.dylib
0x0000000002994000 	/System/Library/PrivateFrameworks/GPUCompiler.framework/libmetal_timestamp.dylib
0x0000000002994000 	/System/Library/Frameworks/OpenGL.framework/Versions/A/Libraries/libCoreFSCache.dylib
0x0000000002994000 	/System/Library/PrivateFrameworks/IOAccelerator.framework/Versions/A/IOAccelerator
0x0000000002994000 	/System/Library/Frameworks/ApplicationServices.framework/Versions/A/Frameworks/ATS.framework/Versions/A/Resources/libFontParser.dylib
0x0000000002994000 	/System/Library/Frameworks/ApplicationServices.framework/Versions/A/Frameworks/ATS.framework/Versions/A/Resources/libFontRegistry.dylib
0x0000000002994000 	/System/Library/PrivateFrameworks/AppleVPA.framework/Versions/A/AppleVPA
0x0000000002994000 	/System/Library/PrivateFrameworks/AppleJPEG.framework/Versions/A/AppleJPEG
0x0000000002994000 	/System/Library/Frameworks/ImageIO.framework/Versions/A/Resources/libJPEG.dylib
0x0000000002994000 	/System/Library/Frameworks/ImageIO.framework/Versions/A/Resources/libTIFF.dylib
0x0000000002994000 	/System/Library/Frameworks/ImageIO.framework/Versions/A/Resources/libPng.dylib
0x0000000002994000 	/System/Library/Frameworks/ImageIO.framework/Versions/A/Resources/libGIF.dylib
0x0000000002994000 	/System/Library/Frameworks/ImageIO.framework/Versions/A/Resources/libJP2.dylib
0x0000000002994000 	/System/Library/Frameworks/ImageIO.framework/Versions/A/Resources/libRadiance.dylib
0x0000000002994000 	/System/Library/Frameworks/CoreVideo.framework/Versions/A/CoreVideo
0x0000000002994000 	/System/Library/Frameworks/OpenGL.framework/Versions/A/Libraries/libGLU.dylib
0x0000000002994000 	/System/Library/Frameworks/OpenGL.framework/Versions/A/Libraries/libGFXShared.dylib
0x0000000002994000 	/System/Library/Frameworks/OpenGL.framework/Versions/A/Libraries/libGL.dylib
0x0000000002994000 	/System/Library/Frameworks/OpenGL.framework/Versions/A/Libraries/libGLImage.dylib
0x0000000002994000 	/System/Library/Frameworks/OpenGL.framework/Versions/A/Libraries/libCVMSPluginSupport.dylib
0x0000000002994000 	/System/Library/Frameworks/OpenGL.framework/Versions/A/Libraries/libCoreVMClient.dylib
0x0000000002994000 	/usr/lib/libcups.2.dylib
0x0000000002994000 	/System/Library/Frameworks/Kerberos.framework/Versions/A/Kerberos
0x0000000002994000 	/System/Library/Frameworks/GSS.framework/Versions/A/GSS
0x0000000002994000 	/usr/lib/libresolv.9.dylib
0x0000000002994000 	/usr/lib/libiconv.2.dylib
0x0000000002994000 	/System/Library/PrivateFrameworks/Heimdal.framework/Versions/A/Heimdal
0x0000000002994000 	/usr/lib/libheimdal-asn1.dylib
0x0000000002994000 	/System/Library/Frameworks/OpenDirectory.framework/Versions/A/OpenDirectory
0x0000000002994000 	/System/Library/PrivateFrameworks/CommonAuth.framework/Versions/A/CommonAuth
0x0000000002994000 	/System/Library/Frameworks/OpenDirectory.framework/Versions/A/Frameworks/CFOpenDirectory.framework/Versions/A/CFOpenDirectory
0x0000000002994000 	/System/Library/Frameworks/SecurityFoundation.framework/Versions/A/SecurityFoundation
0x0000000002994000 	/System/Library/PrivateFrameworks/LanguageModeling.framework/Versions/A/LanguageModeling
0x0000000002994000 	/usr/lib/libmarisa.dylib
0x0000000002994000 	/usr/lib/libChineseTokenizer.dylib
0x0000000002994000 	/usr/lib/libcmph.dylib
0x0000000002994000 	/usr/lib/libcompression.dylib
0x0000000002994000 	/System/Library/Frameworks/ServiceManagement.framework/Versions/A/ServiceManagement
0x0000000002994000 	/usr/lib/libxslt.1.dylib
0x0000000002994000 	/System/Library/Frameworks/Carbon.framework/Versions/A/Frameworks/Ink.framework/Versions/A/Ink
0x0000000002994000 	/usr/lib/libFosl_dynamic.dylib
0x0000000002994000 	/System/Library/PrivateFrameworks/FaceCore.framework/Versions/A/FaceCore
0x0000000002994000 	/System/Library/Frameworks/OpenCL.framework/Versions/A/OpenCL
0x0000000002994000 	/System/Library/PrivateFrameworks/CrashReporterSupport.framework/Versions/A/CrashReporterSupport
0x0000000002994000 	/System/Library/PrivateFrameworks/IconServices.framework/Versions/A/IconServices
0x0000000002994000 	/System/Library/PrivateFrameworks/Apple80211.framework/Versions/A/Apple80211
0x0000000002994000 	/System/Library/Frameworks/CoreWLAN.framework/Versions/A/CoreWLAN
0x0000000002994000 	/System/Library/Frameworks/IOBluetooth.framework/Versions/A/IOBluetooth
0x0000000002994000 	/System/Library/PrivateFrameworks/CoreWiFi.framework/Versions/A/CoreWiFi
0x0000000002994000 	/System/Library/Frameworks/CoreBluetooth.framework/Versions/A/CoreBluetooth
0x0000000002994000 	/System/Library/PrivateFrameworks/ChunkingLibrary.framework/Versions/A/ChunkingLibrary
0x0000000002994000 	/System/Library/PrivateFrameworks/DebugSymbols.framework/Versions/A/DebugSymbols
0x0000000002994000 	/System/Library/PrivateFrameworks/CoreSymbolication.framework/Versions/A/CoreSymbolication
0x0000000002994000 	/System/Library/PrivateFrameworks/Symbolication.framework/Versions/A/Symbolication
0x0000000002994000 	/System/Library/PrivateFrameworks/SpeechRecognitionCore.framework/Versions/A/SpeechRecognitionCore
0x0000000101600000 	/Library/Java/JavaVirtualMachines/jdk1.8.0_20.jdk/Contents/Home/jre/lib/server/libjvm.dylib
0x0000000002994000 	/usr/lib/libstdc++.6.dylib
0x00000001004fe000 	/Library/Java/JavaVirtualMachines/jdk1.8.0_20.jdk/Contents/Home/jre/lib/libverify.dylib
0x000000010050c000 	/Library/Java/JavaVirtualMachines/jdk1.8.0_20.jdk/Contents/Home/jre/lib/libjava.dylib
0x000000010054a000 	/Library/Java/JavaVirtualMachines/jdk1.8.0_20.jdk/Contents/Home/jre/lib/libzip.dylib
0x0000000118a4f000 	/System/Library/Frameworks/JavaVM.framework/Frameworks/JavaRuntimeSupport.framework/JavaRuntimeSupport
0x0000000118a6a000 	/System/Library/Frameworks/JavaVM.framework/Versions/A/Frameworks/JavaNativeFoundation.framework/Versions/A/JavaNativeFoundation
0x0000000118a7f000 	/System/Library/Frameworks/JavaVM.framework/Versions/A/JavaVM
0x0000000002994000 	/System/Library/Frameworks/Carbon.framework/Versions/A/Carbon
0x0000000118a8c000 	/System/Library/PrivateFrameworks/JavaLaunching.framework/Versions/A/JavaLaunching
0x0000000002994000 	/System/Library/Frameworks/Carbon.framework/Versions/A/Frameworks/CommonPanels.framework/Versions/A/CommonPanels
0x0000000002994000 	/System/Library/Frameworks/Carbon.framework/Versions/A/Frameworks/Help.framework/Versions/A/Help
0x0000000002994000 	/System/Library/Frameworks/Carbon.framework/Versions/A/Frameworks/ImageCapture.framework/Versions/A/ImageCapture
0x0000000002994000 	/System/Library/Frameworks/Carbon.framework/Versions/A/Frameworks/OpenScripting.framework/Versions/A/OpenScripting
0x0000000002994000 	/System/Library/Frameworks/Carbon.framework/Versions/A/Frameworks/Print.framework/Versions/A/Print
0x0000000002994000 	/System/Library/Frameworks/Carbon.framework/Versions/A/Frameworks/SecurityHI.framework/Versions/A/SecurityHI
0x000000011a4c3000 	/Applications/IntelliJ IDEA 14.app/Contents/bin/libbreakgen64.jnilib
0x000000011a4c6000 	/Library/Java/JavaVirtualMachines/jdk1.8.0_20.jdk/Contents/Home/jre/lib/libnet.dylib
0x000000011a5b1000 	/Library/Java/JavaVirtualMachines/jdk1.8.0_20.jdk/Contents/Home/jre/lib/libprism_es2.dylib
0x0000000002994000 	/System/Library/Frameworks/OpenGL.framework/Versions/A/Resources/GLEngine.bundle/GLEngine
0x0000000002994000 	/System/Library/Frameworks/OpenGL.framework/Versions/A/Libraries/libGLProgrammability.dylib
0x000000011a632000 	/System/Library/Extensions/AppleIntelHD5000GraphicsGLDriver.bundle/Contents/MacOS/AppleIntelHD5000GraphicsGLDriver
0x0000000002994000 	/System/Library/PrivateFrameworks/GPUSupport.framework/Versions/A/Libraries/libGPUSupportMercury.dylib
0x0000000002994000 	/System/Library/Frameworks/OpenGL.framework/Versions/A/Resources/GLRendererFloat.bundle/GLRendererFloat
0x0000000002994000 	/System/Library/Frameworks/OpenCL.framework/Versions/A/Libraries/libcldcpuengine.dylib
0x0000000002994000 	/System/Library/PrivateFrameworks/DiskImages.framework/Versions/A/DiskImages
0x0000000002994000 	/System/Library/Frameworks/DiscRecording.framework/Versions/A/DiscRecording
0x0000000002994000 	/usr/lib/libcsfde.dylib
0x0000000002994000 	/usr/lib/libcurl.4.dylib
0x0000000002994000 	/System/Library/PrivateFrameworks/MediaKit.framework/Versions/A/MediaKit
0x0000000002994000 	/System/Library/PrivateFrameworks/ProtectedCloudStorage.framework/Versions/A/ProtectedCloudStorage
0x0000000002994000 	/usr/lib/libCoreStorage.dylib
0x0000000002994000 	/System/Library/PrivateFrameworks/EFILogin.framework/Versions/A/EFILogin
0x0000000002994000 	/usr/lib/libutil.dylib
0x0000000002994000 	/System/Library/PrivateFrameworks/FindMyDevice.framework/Versions/A/FindMyDevice
0x0000000002994000 	/System/Library/Frameworks/LDAP.framework/Versions/A/LDAP
0x0000000002994000 	/usr/lib/libsasl2.2.dylib
0x0000000002994000 	/System/Library/PrivateFrameworks/CoreDaemon.framework/Versions/B/CoreDaemon
0x0000000002994000 	/usr/lib/libcrypto.0.9.8.dylib
0x0000000002994000 	/System/Library/PrivateFrameworks/AppleSRP.framework/Versions/A/AppleSRP
0x0000000002994000 	/System/Library/PrivateFrameworks/TrustEvaluationAgent.framework/Versions/A/TrustEvaluationAgent
0x000000011b1bc000 	/Library/Java/JavaVirtualMachines/jdk1.8.0_20.jdk/Contents/Home/jre/lib/libglass.dylib
0x0000000002994000 	/System/Library/PrivateFrameworks/CoreServicesInternal.framework/Versions/A/CoreServicesInternal
0x0000000002994000 	/System/Library/CoreServices/RawCamera.bundle/Contents/MacOS/RawCamera
0x0000000002994000 	/System/Library/Frameworks/CoreGraphics.framework/Versions/A/Resources/libRIP.A.dylib
0x0000000002994000 	/System/Library/Frameworks/Accelerate.framework/Versions/A/Frameworks/vImage.framework/Versions/A/Libraries/libCGInterfaces.dylib
0x0000000002994000 	/System/Library/PrivateFrameworks/FamilyControls.framework/Versions/A/FamilyControls
0x0000000002994000 	/System/Library/PrivateFrameworks/CommerceKit.framework/Versions/A/Frameworks/CommerceCore.framework/Versions/A/CommerceCore
0x0000000002994000 	/System/Library/PrivateFrameworks/SystemAdministration.framework/Versions/A/SystemAdministration
0x0000000002994000 	/System/Library/PrivateFrameworks/AppContainer.framework/Versions/A/AppContainer
0x0000000002994000 	/System/Library/PrivateFrameworks/SecCodeWrapper.framework/Versions/A/SecCodeWrapper
0x0000000002994000 	/System/Library/Frameworks/DirectoryService.framework/Versions/A/DirectoryService
0x0000000002994000 	/System/Library/PrivateFrameworks/LoginUIKit.framework/Versions/A/Frameworks/LoginUICore.framework/Versions/A/LoginUICore
0x0000000002994000 	/usr/lib/libodfde.dylib
0x000000011decc000 	/Library/Java/JavaVirtualMachines/jdk1.8.0_20.jdk/Contents/Home/jre/lib/libjavafx_font.dylib
0x0000000002994000 	/System/Library/Frameworks/CoreGraphics.framework/Versions/A/Resources/libCGXType.A.dylib
0x000000011ec7f000 	cl_kernels
0x0000000002994000 	/System/Library/Frameworks/OpenCL.framework/Versions/A/Libraries/ImageFormats/unorm8_bgra.dylib
0x0000000002994000 	/System/Library/Frameworks/OpenCL.framework/Versions/A/Libraries/ImageFormats/unorm8_rgba.dylib

VM Arguments:
jvm_args: -Didea.launcher.port=7533 -Didea.launcher.bin.path=/Applications/IntelliJ IDEA 14.app/Contents/bin -Dfile.encoding=UTF-8 
java_command: com.intellij.rt.execution.application.AppMain sample.Main
java_class_path (initial): /Library/Java/JavaVirtualMachines/jdk1.8.0_20.jdk/Contents/Home/lib/ant-javafx.jar:/Library/Java/JavaVirtualMachines/jdk1.8.0_20.jdk/Contents/Home/lib/dt.jar:/Library/Java/JavaVirtualMachines/jdk1.8.0_20.jdk/Contents/Home/lib/javafx-mx.jar:/Library/Java/JavaVirtualMachines/jdk1.8.0_20.jdk/Contents/Home/lib/jconsole.jar:/Library/Java/JavaVirtualMachines/jdk1.8.0_20.jdk/Contents/Home/lib/sa-jdi.jar:/Library/Java/JavaVirtualMachines/jdk1.8.0_20.jdk/Contents/Home/lib/tools.jar:/Library/Java/JavaVirtualMachines/jdk1.8.0_20.jdk/Contents/Home/jre/lib/charsets.jar:/Library/Java/JavaVirtualMachines/jdk1.8.0_20.jdk/Contents/Home/jre/lib/deploy.jar:/Library/Java/JavaVirtualMachines/jdk1.8.0_20.jdk/Contents/Home/jre/lib/javaws.jar:/Library/Java/JavaVirtualMachines/jdk1.8.0_20.jdk/Contents/Home/jre/lib/jce.jar:/Library/Java/JavaVirtualMachines/jdk1.8.0_20.jdk/Contents/Home/jre/lib/jfr.jar:/Library/Java/JavaVirtualMachines/jdk1.8.0_20.jdk/Contents/Home/jre/lib/jfxswt.jar:/Library/Java/JavaVirtualMachines/jdk1.8.0_20.jdk/Contents/Home/jre/lib/jsse.jar:/Library/Java/JavaVirtualMachines/jdk1.8.0_20.jdk/Contents/Home/jre/lib/management-agent.jar:/Library/Java/JavaVirtualMachines/jdk1.8.0_20.jdk/Contents/Home/jre/lib/plugin.jar:/Library/Java/JavaVirtualMachines/jdk1.8.0_20.jdk/Contents/Home/jre/lib/resources.jar:/Library/Java/JavaVirtualMachines/jdk1.8.0_20.jdk/Contents/Home/jre/lib/rt.jar:/Library/Java/JavaVirtualMachines/jdk1.8.0_20.jdk/Contents/Home/jre/lib/ext/cldrdata.jar:/Library/Java/JavaVirtualMachines/jdk1.8.0_20.jdk/Contents/Home/jre/lib/ext/dnsns.jar:/Library/Java/JavaVirtualMachines/jdk1.8.0_20.jdk/Contents/Home/jre/lib/ext/jfxrt.jar:/Library/Java/JavaVirtualMachines/jdk1.8.0_20.jdk/Contents/Home/jre/lib/ext/localedata.jar:/Library/Java/JavaVirtualMachines/jdk1.8.0_20.jdk/Contents/Home/jre/lib/ext/nashorn.jar:/Library/Java/JavaVirtualMachines/jdk1.8.0_20.jdk/Contents/Home/jre/lib/ext/sunec.jar:/Library/Java/JavaVirtualMachines/jdk1.8.0_20.jdk/C
Launcher Type: SUN_STANDARD

Environment Variables:
PATH=/usr/local/bin:/usr/bin:/bin:/usr/sbin:/sbin:/usr/local/git/bin
SHELL=/bin/bash

Signal Handlers:
SIGSEGV: [libjvm.dylib+0x578fd7], sa_mask[0]=11111111011111110111111111111111, sa_flags=SA_ONSTACK|SA_RESTART|SA_SIGINFO
SIGBUS: [libjvm.dylib+0x578fd7], sa_mask[0]=11111111011111110111111111111111, sa_flags=SA_RESTART|SA_SIGINFO
SIGFPE: [libjvm.dylib+0x45ab0c], sa_mask[0]=11111111011111110111111111111111, sa_flags=SA_RESTART|SA_SIGINFO
SIGPIPE: [libjvm.dylib+0x45ab0c], sa_mask[0]=11111111011111110111111111111111, sa_flags=SA_RESTART|SA_SIGINFO
SIGXFSZ: [libjvm.dylib+0x45ab0c], sa_mask[0]=11111111011111110111111111111111, sa_flags=SA_RESTART|SA_SIGINFO
SIGILL: [libjvm.dylib+0x45ab0c], sa_mask[0]=11111111011111110111111111111111, sa_flags=SA_RESTART|SA_SIGINFO
SIGUSR1: SIG_DFL, sa_mask[0]=00000000000000000000000000000000, sa_flags=none
SIGUSR2: [libjvm.dylib+0x45a62a], sa_mask[0]=00100000000000000000000000000000, sa_flags=SA_RESTART|SA_SIGINFO
SIGHUP: [libjvm.dylib+0x458bfd], sa_mask[0]=11111111011111110111111111111111, sa_flags=SA_RESTART|SA_SIGINFO
SIGINT: [libjvm.dylib+0x458bfd], sa_mask[0]=11111111011111110111111111111111, sa_flags=SA_RESTART|SA_SIGINFO
SIGTERM: [libjvm.dylib+0x458bfd], sa_mask[0]=11111111011111110111111111111111, sa_flags=SA_RESTART|SA_SIGINFO
SIGQUIT: [libjvm.dylib+0x458bfd], sa_mask[0]=11111111011111110111111111111111, sa_flags=SA_RESTART|SA_SIGINFO


---------------  S Y S T E M  ---------------

OS:Bsduname:Darwin 15.0.0 Darwin Kernel Version 15.0.0: Wed Aug 26 16:57:32 PDT 2015; root:xnu-3247.1.106~1/RELEASE_X86_64 x86_64
rlimit: STACK 8192k, CORE 0k, NPROC 709, NOFILE 10240, AS infinity
load average:3.49 3.47 3.35

CPU:total 8 (4 cores per cpu, 2 threads per core) family 6 model 70 stepping 1, cmov, cx8, fxsr, mmx, sse, sse2, sse3, ssse3, sse4.1, sse4.2, popcnt, avx, avx2, aes, clmul, erms, rtm, lzcnt, ht, tsc, tscinvbit, bmi1, bmi2

Memory: 4k page, physical 8388608k(20352k free)

/proc/meminfo:


vm_info: Java HotSpot(TM) 64-Bit Server VM (25.20-b23) for bsd-amd64 JRE (1.8.0_20-b26), built on Jul 30 2014 13:37:47 by "java_re" with gcc 4.2.1 (Based on Apple Inc. build 5658) (LLVM build 2336.9.00)

time: Thu Sep 10 18:54:14 2015
elapsed time: 0 seconds (0d 0h 0m 0s)

